# JRE version: Java(TM) SE Runtime Environment (17.0.11+7) (build 17.0.11+7-LTS-207)
# Java VM: Java HotSpot(TM) 64-Bit Server VM (17.0.11+7-LTS-207, mixed mode, sharing, tiered, compressed oops, compressed class ptrs, g1 gc, windows-amd64)
GC Precious Log:
 CPUs: 12 total, 12 available
 Memory: 16095M
 Large Page Support: Disabled
 NUMA Support: Disabled
 Compressed Oops: Enabled (Zero based)
 Heap Region Size: 2M
 Heap Min Capacity: 8M
 Heap Initial Capacity: 252M
 Heap Max Capacity: 4G
 Pre-touch: Disabled
 Parallel Workers: 10
 Concurrent Workers: 3
 Concurrent Refinement Workers: 10
 Periodic GC: Disabled
Heap:
 garbage-first heap   total 1011712K, used 306515K [0x0000000700000000, 0x0000000800000000)
  region size 2048K, 27 young (55296K), 17 survivors (34816K)
 Metaspace       used 163499K, committed 167296K, reserved 622592K
  class space    used 22304K, committed 23808K, reserved 425984K
GC Heap History (20 events):
Event: 8632.732 GC heap before
{Heap before GC invocations=108 (full 0):
 garbage-first heap   total 413696K, used 334439K [0x0000000700000000, 0x0000000800000000)
  region size 2048K, 71 young (145408K), 5 survivors (10240K)
 Metaspace       used 134589K, committed 136512K, reserved 557056K
  class space    used 18484K, committed 19392K, reserved 425984K
}
Event: 8632.769 GC heap after
{Heap after GC invocations=109 (full 0):
 garbage-first heap   total 413696K, used 220914K [0x0000000700000000, 0x0000000800000000)
  region size 2048K, 9 young (18432K), 9 survivors (18432K)
 Metaspace       used 134589K, committed 136512K, reserved 557056K
  class space    used 18484K, committed 19392K, reserved 425984K
}
Event: 8632.791 GC heap before
{Heap before GC invocations=109 (full 0):
 garbage-first heap   total 413696K, used 222962K [0x0000000700000000, 0x0000000800000000)
  region size 2048K, 10 young (20480K), 9 survivors (18432K)
 Metaspace       used 134590K, committed 136512K, reserved 557056K
  class space    used 18484K, committed 19392K, reserved 425984K
}
Event: 8632.828 GC heap after
{Heap after GC invocations=110 (full 0):
 garbage-first heap   total 413696K, used 190543K [0x0000000700000000, 0x0000000800000000)
  region size 2048K, 2 young (4096K), 2 survivors (4096K)
 Metaspace       used 134590K, committed 136512K, reserved 557056K
  class space    used 18484K, committed 19392K, reserved 425984K
}
Event: 8633.104 GC heap before
{Heap before GC invocations=110 (full 0):
 garbage-first heap   total 413696K, used 206927K [0x0000000700000000, 0x0000000800000000)
  region size 2048K, 10 young (20480K), 2 survivors (4096K)
 Metaspace       used 134591K, committed 136512K, reserved 557056K
  class space    used 18484K, committed 19392K, reserved 425984K
}
Event: 8633.126 GC heap after
{Heap after GC invocations=111 (full 0):
 garbage-first heap   total 1105920K, used 187903K [0x0000000700000000, 0x0000000800000000)
  region size 2048K, 2 young (4096K), 2 survivors (4096K)
 Metaspace       used 134591K, committed 136512K, reserved 557056K
  class space    used 18484K, committed 19392K, reserved 425984K
}
Event: 8638.258 GC heap before
{Heap before GC invocations=111 (full 0):
 garbage-first heap   total 1105920K, used 845311K [0x0000000700000000, 0x0000000800000000)
  region size 2048K, 324 young (663552K), 2 survivors (4096K)
 Metaspace       used 148328K, committed 150336K, reserved 557056K
  class space    used 20249K, committed 21184K, reserved 425984K
}
Event: 8638.287 GC heap after
{Heap after GC invocations=112 (full 0):
 garbage-first heap   total 1105920K, used 226717K [0x0000000700000000, 0x0000000800000000)
  region size 2048K, 21 young (43008K), 21 survivors (43008K)
 Metaspace       used 148328K, committed 150336K, reserved 557056K
  class space    used 20249K, committed 21184K, reserved 425984K
}
Event: 8638.943 GC heap before
{Heap before GC invocations=113 (full 0):
 garbage-first heap   total 792576K, used 298397K [0x0000000700000000, 0x0000000800000000)
  region size 2048K, 56 young (114688K), 21 survivors (43008K)
 Metaspace       used 152173K, committed 154240K, reserved 622592K
  class space    used 20845K, committed 21824K, reserved 425984K
}
Event: 8638.972 GC heap after
{Heap after GC invocations=114 (full 0):
 garbage-first heap   total 792576K, used 234041K [0x0000000700000000, 0x0000000800000000)
  region size 2048K, 4 young (8192K), 4 survivors (8192K)
 Metaspace       used 152173K, committed 154240K, reserved 622592K
  class space    used 20845K, committed 21824K, reserved 425984K
}
Event: 8639.211 GC heap before
{Heap before GC invocations=114 (full 0):
 garbage-first heap   total 792576K, used 264761K [0x0000000700000000, 0x0000000800000000)
  region size 2048K, 19 young (38912K), 4 survivors (8192K)
 Metaspace       used 154650K, committed 156672K, reserved 622592K
  class space    used 21296K, committed 22272K, reserved 425984K
}
Event: 8639.220 GC heap after
{Heap after GC invocations=115 (full 0):
 garbage-first heap   total 792576K, used 230224K [0x0000000700000000, 0x0000000800000000)
  region size 2048K, 2 young (4096K), 2 survivors (4096K)
 Metaspace       used 154650K, committed 156672K, reserved 622592K
  class space    used 21296K, committed 22272K, reserved 425984K
}
Event: 8643.261 GC heap before
{Heap before GC invocations=115 (full 0):
 garbage-first heap   total 792576K, used 533328K [0x0000000700000000, 0x0000000800000000)
  region size 2048K, 152 young (311296K), 2 survivors (4096K)
 Metaspace       used 160618K, committed 162752K, reserved 622592K
  class space    used 22111K, committed 23104K, reserved 425984K
}
Event: 8643.271 GC heap after
{Heap after GC invocations=116 (full 0):
 garbage-first heap   total 792576K, used 243097K [0x0000000700000000, 0x0000000800000000)
  region size 2048K, 8 young (16384K), 8 survivors (16384K)
 Metaspace       used 160618K, committed 162752K, reserved 622592K
  class space    used 22111K, committed 23104K, reserved 425984K
}
Event: 8645.907 GC heap before
{Heap before GC invocations=117 (full 0):
 garbage-first heap   total 792576K, used 628121K [0x0000000700000000, 0x0000000800000000)
  region size 2048K, 194 young (397312K), 8 survivors (16384K)
 Metaspace       used 163274K, committed 165696K, reserved 622592K
  class space    used 22419K, committed 23552K, reserved 425984K
}
Event: 8645.923 GC heap after
{Heap after GC invocations=118 (full 0):
 garbage-first heap   total 792576K, used 263708K [0x0000000700000000, 0x0000000800000000)
  region size 2048K, 18 young (36864K), 18 survivors (36864K)
 Metaspace       used 163274K, committed 165696K, reserved 622592K
  class space    used 22419K, committed 23552K, reserved 425984K
}
Event: 8645.926 GC heap before
{Heap before GC invocations=118 (full 0):
 garbage-first heap   total 792576K, used 265756K [0x0000000700000000, 0x0000000800000000)
  region size 2048K, 19 young (38912K), 18 survivors (36864K)
 Metaspace       used 163274K, committed 165696K, reserved 622592K
  class space    used 22419K, committed 23552K, reserved 425984K
}
Event: 8645.954 GC heap after
{Heap after GC invocations=119 (full 0):
 garbage-first heap   total 792576K, used 263496K [0x0000000700000000, 0x0000000800000000)
  region size 2048K, 3 young (6144K), 3 survivors (6144K)
 Metaspace       used 163274K, committed 165696K, reserved 622592K
  class space    used 22419K, committed 23552K, reserved 425984K
}
Event: 9201.880 GC heap before
{Heap before GC invocations=119 (full 0):
 garbage-first heap   total 792576K, used 628040K [0x0000000700000000, 0x0000000800000000)
  region size 2048K, 182 young (372736K), 3 survivors (6144K)
 Metaspace       used 164557K, committed 167168K, reserved 622592K
  class space    used 22578K, committed 23808K, reserved 425984K
}
Event: 9201.899 GC heap after
{Heap after GC invocations=120 (full 0):
 garbage-first heap   total 2019328K, used 292179K [0x0000000700000000, 0x0000000800000000)
  region size 2048K, 17 young (34816K), 17 survivors (34816K)
 Metaspace       used 164557K, committed 167168K, reserved 622592K
  class space    used 22578K, committed 23808K, reserved 425984K
}

